02 2
0127 3
023 5
024 6
02358 7
026 8
028 10
0128 13
012 17
0238 19
01238 23
0123 25
012367 27
0248 44
023458 49
0126 77
012348 79
01237 81
012378 91
0237 95
0268 97
02357 125
012357 143
01258 167
0125 191
0246 216
012368 219
0234 229
0236 309
025 311
027 385
0278 397
0235 401
02347 415
02348 469
01234 533
01236 545
0267 553
02468 608
01268 623
0124 695
01247 707
01235 713
01278 739
02356 1001
02378 1009
02478 1033
0247 1135
0123678 1177
01248 1277
012578 1337
012347 1695
02346 1975
01257 2159
012345 2207
02368 2455
02457 2753
0245 2807
02367 2893
02578 3137
01267 3487
0123468 3879
012346 4137
023678 4417
01246 4557
023478 4577
01245 4859
023467 4977
02458 5527
012356 5719
0123478 6073
0256 6211
012458 6307
01256 6351
023567 6393
02345 7307
0123458 7895
02678 7961
0258 8787
0257 9721
024678 9867
012467 10089
012358 10309
012678 12085
012478 12399
0123467 23117
02567 24855
01234678 28099
02467 29627
023578 29913
023568 34527
012567 35785
012468 37079
0123457 37131
023468 40285
023457 43465
02568 44265
012456 47089
0124678 47775
0125678 48041
023456 48769
012568 51909
0123456 58775
012457 68091
024578 71735
0234678 108161
0123578 120149
0123568 120407
02456 120785
0123567 128821
025678 142901
0234578 218301
0234568 245035
0235678 246297
024568 285357
01235678 346719
01234567 569669
0124578 613479
0124567 662619
0124568 697563
024567 710761
01234578 711725
0234567 1026657
0245678 2662657
01234568 2688153
01245678 4817803
012345678 11814485
